{"contracts/FundMe.sol":{"l":{"32":0,"33":0,"47":3,"48":3,"53":1,"58":0,"59":0,"63":0,"68":0,"69":0,"71":0,"74":0,"75":0,"79":0,"81":0,"86":0,"87":0,"89":0,"91":0,"92":0,"104":0,"108":0,"112":0,"116":0,"120":1},"path":"/Users/sunxy/vscode_project/hh-fcc/hardhat-fund-me-js/contracts/FundMe.sol","s":{"1":0,"2":3,"3":3,"4":1,"5":0,"6":0,"7":0,"8":0,"9":0,"10":0,"11":0,"12":0,"13":0,"14":0,"15":0,"16":0,"17":0,"18":0,"19":0,"20":0,"21":0,"22":0,"23":0,"24":1},"b":{"1":[0,0],"2":[0,1],"3":[0,0],"4":[0,0]},"f":{"1":0,"2":3,"3":1,"4":0,"5":0,"6":0,"7":0,"8":0,"9":0,"10":1},"fnMap":{"1":{"name":"onlyOwner","line":30,"loc":{"start":{"line":30,"column":4},"end":{"line":34,"column":4}}},"2":{"name":"constructor","line":46,"loc":{"start":{"line":46,"column":4},"end":{"line":49,"column":4}}},"3":{"name":"fund","line":52,"loc":{"start":{"line":52,"column":4},"end":{"line":60,"column":4}}},"4":{"name":"withdraw","line":62,"loc":{"start":{"line":62,"column":4},"end":{"line":76,"column":4}}},"5":{"name":"cheaperWithdraw","line":78,"loc":{"start":{"line":78,"column":4},"end":{"line":93,"column":4}}},"6":{"name":"getAddressToAmountFunded","line":99,"loc":{"start":{"line":99,"column":4},"end":{"line":105,"column":4}}},"7":{"name":"getVersion","line":107,"loc":{"start":{"line":107,"column":4},"end":{"line":109,"column":4}}},"8":{"name":"getFunder","line":111,"loc":{"start":{"line":111,"column":4},"end":{"line":113,"column":4}}},"9":{"name":"getOwner","line":115,"loc":{"start":{"line":115,"column":4},"end":{"line":117,"column":4}}},"10":{"name":"getPriceFeed","line":119,"loc":{"start":{"line":119,"column":4},"end":{"line":121,"column":4}}}},"statementMap":{"1":{"start":{"line":32,"column":8},"end":{"line":32,"column":60}},"2":{"start":{"line":47,"column":8},"end":{"line":47,"column":53}},"3":{"start":{"line":48,"column":8},"end":{"line":48,"column":27}},"4":{"start":{"line":53,"column":8},"end":{"line":53,"column":1403}},"5":{"start":{"line":58,"column":8},"end":{"line":58,"column":55}},"6":{"start":{"line":59,"column":8},"end":{"line":59,"column":33}},"7":{"start":{"line":63,"column":8},"end":{"line":63,"column":1797}},"8":{"start":{"line":68,"column":12},"end":{"line":68,"column":51}},"9":{"start":{"line":69,"column":12},"end":{"line":69,"column":46}},"10":{"start":{"line":71,"column":8},"end":{"line":71,"column":35}},"11":{"start":{"line":74,"column":8},"end":{"line":74,"column":73}},"12":{"start":{"line":75,"column":8},"end":{"line":75,"column":23}},"13":{"start":{"line":79,"column":8},"end":{"line":79,"column":44}},"14":{"start":{"line":81,"column":8},"end":{"line":81,"column":2431}},"15":{"start":{"line":86,"column":12},"end":{"line":86,"column":49}},"16":{"start":{"line":87,"column":12},"end":{"line":87,"column":46}},"17":{"start":{"line":89,"column":8},"end":{"line":89,"column":35}},"18":{"start":{"line":91,"column":8},"end":{"line":91,"column":73}},"19":{"start":{"line":92,"column":8},"end":{"line":92,"column":23}},"20":{"start":{"line":104,"column":8},"end":{"line":104,"column":54}},"21":{"start":{"line":108,"column":8},"end":{"line":108,"column":36}},"22":{"start":{"line":112,"column":8},"end":{"line":112,"column":31}},"23":{"start":{"line":116,"column":8},"end":{"line":116,"column":22}},"24":{"start":{"line":120,"column":8},"end":{"line":120,"column":26}}},"branchMap":{"1":{"line":32,"type":"if","locations":[{"start":{"line":32,"column":8},"end":{"line":32,"column":8}},{"start":{"line":32,"column":8},"end":{"line":32,"column":8}}]},"2":{"line":53,"type":"if","locations":[{"start":{"line":53,"column":8},"end":{"line":53,"column":8}},{"start":{"line":53,"column":8},"end":{"line":53,"column":8}}]},"3":{"line":75,"type":"if","locations":[{"start":{"line":75,"column":8},"end":{"line":75,"column":8}},{"start":{"line":75,"column":8},"end":{"line":75,"column":8}}]},"4":{"line":92,"type":"if","locations":[{"start":{"line":92,"column":8},"end":{"line":92,"column":8}},{"start":{"line":92,"column":8},"end":{"line":92,"column":8}}]}}},"contracts/MockV3Aggregator.sol":{"l":{},"path":"/Users/sunxy/vscode_project/hh-fcc/hardhat-fund-me-js/contracts/MockV3Aggregator.sol","s":{},"b":{},"f":{},"fnMap":{},"statementMap":{},"branchMap":{}},"contracts/PriceConverter.sol":{"l":{"12":1,"14":1,"24":1,"25":1,"27":1},"path":"/Users/sunxy/vscode_project/hh-fcc/hardhat-fund-me-js/contracts/PriceConverter.sol","s":{"1":1,"2":1,"3":1,"4":1,"5":1},"b":{},"f":{"1":1,"2":1},"fnMap":{"1":{"name":"getPrice","line":7,"loc":{"start":{"line":7,"column":4},"end":{"line":15,"column":4}}},"2":{"name":"getConversionRate","line":20,"loc":{"start":{"line":20,"column":4},"end":{"line":28,"column":4}}}},"statementMap":{"1":{"start":{"line":12,"column":8},"end":{"line":12,"column":61}},"2":{"start":{"line":14,"column":8},"end":{"line":14,"column":44}},"3":{"start":{"line":24,"column":8},"end":{"line":24,"column":46}},"4":{"start":{"line":25,"column":8},"end":{"line":25,"column":77}},"5":{"start":{"line":27,"column":8},"end":{"line":27,"column":29}}},"branchMap":{}}}